Using pre-set license
Built from '2020.2/release' branch; Version is '2020.2.2f1 (068178b99f32) revision 426360'; Using compiler version '192528614'; Build Type 'Release'
OS: 'Windows 10 Home; OS build 19042.867; Version 2009; 64bit' Language: 'en' Physical Memory: 16298 MB
BatchMode: 1, IsHumanControllingUs: 0, StartBugReporterOnCrash: 0, Is64bit: 1, IsPro: 0

 COMMAND LINE ARGUMENTS:
C:\Program Files\Unity\Hub\Editor\2020.2.2f1\Editor\Unity.exe
-adb2
-batchMode
-noUpm
-name
AssetImportWorker0
-projectPath
C:/Users/boris/OneDrive/Documenten/GitHub/eindwerk/Prutsen
-logFile
Logs/AssetImportWorker0.log
-srvPort
59689
Successfully changed project path to: C:/Users/boris/OneDrive/Documenten/GitHub/eindwerk/Prutsen
C:/Users/boris/OneDrive/Documenten/GitHub/eindwerk/Prutsen
Using Asset Import Pipeline V2.
Refreshing native plugins compatible for Editor in 20.84 ms, found 0 plugins.
Preloading 0 native plugins for Editor in 0.00 ms.
Initialize engine version: 2020.2.2f1 (068178b99f32)
[Subsystems] Discovering subsystems at path C:/Program Files/Unity/Hub/Editor/2020.2.2f1/Editor/Data/Resources/UnitySubsystems
[Subsystems] Discovering subsystems at path C:/Users/boris/OneDrive/Documenten/GitHub/eindwerk/Prutsen/Assets
GfxDevice: creating device client; threaded=0
Direct3D:
    Version:  Direct3D 11.0 [level 11.1]
    Renderer: AMD Radeon RX 5700 XT (ID=0x731f)
    Vendor:   
    VRAM:     8152 MB
    Driver:   27.20.12033.2007
Initialize mono
Mono path[0] = 'C:/Program Files/Unity/Hub/Editor/2020.2.2f1/Editor/Data/Managed'
Mono path[1] = 'C:/Program Files/Unity/Hub/Editor/2020.2.2f1/Editor/Data/MonoBleedingEdge/lib/mono/unityjit'
Mono config path = 'C:/Program Files/Unity/Hub/Editor/2020.2.2f1/Editor/Data/MonoBleedingEdge/etc'
Using monoOptions --debugger-agent=transport=dt_socket,embedding=1,server=y,suspend=n,address=127.0.0.1:56580
Begin MonoManager ReloadAssembly
Registering precompiled unity dll's ...
Register platform support module: C:/Program Files/Unity/Hub/Editor/2020.2.2f1/Editor/Data/PlaybackEngines/WebGLSupport/UnityEditor.WebGL.Extensions.dll
Register platform support module: C:/Program Files/Unity/Hub/Editor/2020.2.2f1/Editor/Data/PlaybackEngines/WindowsStandaloneSupport/UnityEditor.WindowsStandalone.Extensions.dll
Registered in 0.002729 seconds.
Native extension for WindowsStandalone target not found
Native extension for WebGL target not found
Refreshing native plugins compatible for Editor in 19.74 ms, found 0 plugins.
Preloading 0 native plugins for Editor in 0.00 ms.
Invoked RoslynAnalysisRunner static constructor.
RoslynAnalysisRunner will not be running.
RoslynAnalysisRunner has terminated.
Mono: successfully reloaded assembly
- Completed reload, in  1.722 seconds
Platform modules already initialized, skipping
Registering precompiled user dll's ...
Registered in 0.000878 seconds.
Begin MonoManager ReloadAssembly
Native extension for WindowsStandalone target not found
Native extension for WebGL target not found
Refreshing native plugins compatible for Editor in 0.21 ms, found 0 plugins.
Preloading 0 native plugins for Editor in 0.00 ms.
Invoked RoslynAnalysisRunner static constructor.
RoslynAnalysisRunner will not be running.
RoslynAnalysisRunner has terminated.
Mono: successfully reloaded assembly
- Completed reload, in  0.681 seconds
Platform modules already initialized, skipping
========================================================================
Worker process is ready to serve import requests
Launched and connected shader compiler UnityShaderCompiler.exe after 0.05 seconds
Refreshing native plugins compatible for Editor in 0.21 ms, found 0 plugins.
Preloading 0 native plugins for Editor in 0.00 ms.
Unloading 1099 Unused Serialized files (Serialized files now loaded: 0)
System memory in use before: 56.6 MB.
System memory in use after: 56.7 MB.

Unloading 10 unused Assets to reduce memory usage. Loaded Objects now: 1540.
Total: 1.781700 ms (FindLiveObjects: 0.143900 ms CreateObjectMapping: 0.028600 ms MarkObjects: 1.535200 ms  DeleteObjects: 0.073100 ms)

========================================================================
Received Import Request.
  path: Assets/testObjectAnimation.abc
  artifactKey: Guid(c03a8e10c3f648a4982f0f53b582387f) Importer(815301076,1909f56bfc062723c751e8b465ee728b)
Start importing Assets/testObjectAnimation.abc using Guid(c03a8e10c3f648a4982f0f53b582387f) Importer(815301076,1909f56bfc062723c751e8b465ee728b)  -> (artifact id: '34f4b5af7d6292d84175240e76508924') in 0.023107 seconds
  Import took 0.025065 seconds .

========================================================================
Received Import Request.
  Time since last request: 18.705693 seconds.
  path: Assets/testObjectAnimation 1.abc
  artifactKey: Guid(ae86accb435374c4cbf9c1fc12e173e1) Importer(815301076,1909f56bfc062723c751e8b465ee728b)
Start importing Assets/testObjectAnimation 1.abc using Guid(ae86accb435374c4cbf9c1fc12e173e1) Importer(815301076,1909f56bfc062723c751e8b465ee728b)  -> (artifact id: '8fdded88566de86a56ce318bcdf2ac5c') in 0.002778 seconds
  Import took 0.005815 seconds .

========================================================================
Received Prepare
Registering precompiled user dll's ...
Registered in 0.001084 seconds.
Begin MonoManager ReloadAssembly
Native extension for WindowsStandalone target not found
Native extension for WebGL target not found
Refreshing native plugins compatible for Editor in 19.58 ms, found 1 plugins.
Preloading 0 native plugins for Editor in 0.00 ms.
Invoked RoslynAnalysisRunner static constructor.
RoslynAnalysisRunner will not be running.
RoslynAnalysisRunner has terminated.
Mono: successfully reloaded assembly
- Completed reload, in  0.691 seconds
Platform modules already initialized, skipping
Refreshing native plugins compatible for Editor in 0.28 ms, found 1 plugins.
Preloading 0 native plugins for Editor in 0.00 ms.
Unloading 1139 Unused Serialized files (Serialized files now loaded: 0)
System memory in use before: 59.9 MB.
System memory in use after: 58.6 MB.

Unloading 19 unused Assets to reduce memory usage. Loaded Objects now: 1574.
Total: 2.461400 ms (FindLiveObjects: 0.126300 ms CreateObjectMapping: 0.025500 ms MarkObjects: 1.428200 ms  DeleteObjects: 0.880500 ms)

========================================================================
Received Import Request.
  Time since last request: 425.878420 seconds.
  path: Assets/testObjectAnimation.abc
  artifactKey: Guid(c03a8e10c3f648a4982f0f53b582387f) Importer(815301076,1909f56bfc062723c751e8b465ee728b)
Start importing Assets/testObjectAnimation.abc using Guid(c03a8e10c3f648a4982f0f53b582387f) Importer(815301076,1909f56bfc062723c751e8b465ee728b)  -> (artifact id: 'da35a294f19f3fba2cb79445be31d81d') in 0.139982 seconds
  Import took 0.142168 seconds .

========================================================================
Received Import Request.
  Time since last request: 142.911508 seconds.
  path: Assets/testObjectAnimation.abc
  artifactKey: Guid(c03a8e10c3f648a4982f0f53b582387f) Importer(815301076,1909f56bfc062723c751e8b465ee728b)
Start importing Assets/testObjectAnimation.abc using Guid(c03a8e10c3f648a4982f0f53b582387f) Importer(815301076,1909f56bfc062723c751e8b465ee728b)  -> (artifact id: '152f9d8a37fd6ccf85ce884d35d87cd9') in 0.019633 seconds
  Import took 0.021877 seconds .

========================================================================
Received Prepare
Registering precompiled user dll's ...
Registered in 0.001211 seconds.
Begin MonoManager ReloadAssembly
Native extension for WindowsStandalone target not found
Native extension for WebGL target not found
Refreshing native plugins compatible for Editor in 0.24 ms, found 1 plugins.
Preloading 0 native plugins for Editor in 0.00 ms.
Invoked RoslynAnalysisRunner static constructor.
RoslynAnalysisRunner will not be running.
RoslynAnalysisRunner has terminated.
Mono: successfully reloaded assembly
- Completed reload, in  0.631 seconds
Platform modules already initialized, skipping
Refreshing native plugins compatible for Editor in 0.24 ms, found 1 plugins.
Preloading 0 native plugins for Editor in 0.00 ms.
Unloading 1139 Unused Serialized files (Serialized files now loaded: 0)
System memory in use before: 63.7 MB.
System memory in use after: 63.0 MB.

Unloading 15 unused Assets to reduce memory usage. Loaded Objects now: 1623.
Total: 2.226700 ms (FindLiveObjects: 0.174600 ms CreateObjectMapping: 0.029400 ms MarkObjects: 1.575200 ms  DeleteObjects: 0.446500 ms)

========================================================================
Received Import Request.
  Time since last request: 113.987728 seconds.
  path: Assets/testObjectAnimation.abc
  artifactKey: Guid(c03a8e10c3f648a4982f0f53b582387f) Importer(815301076,1909f56bfc062723c751e8b465ee728b)
Start importing Assets/testObjectAnimation.abc using Guid(c03a8e10c3f648a4982f0f53b582387f) Importer(815301076,1909f56bfc062723c751e8b465ee728b)  -> (artifact id: '46dc62a02993c13e3028093d36c9f9b1') in 0.073599 seconds
  Import took 0.075792 seconds .

========================================================================
Received Prepare
Registering precompiled user dll's ...
Registered in 0.001122 seconds.
Begin MonoManager ReloadAssembly
Native extension for WindowsStandalone target not found
Native extension for WebGL target not found
Refreshing native plugins compatible for Editor in 0.23 ms, found 1 plugins.
Preloading 0 native plugins for Editor in 0.00 ms.
Invoked RoslynAnalysisRunner static constructor.
RoslynAnalysisRunner will not be running.
RoslynAnalysisRunner has terminated.
Mono: successfully reloaded assembly
- Completed reload, in  0.628 seconds
Platform modules already initialized, skipping
Refreshing native plugins compatible for Editor in 0.23 ms, found 1 plugins.
Preloading 0 native plugins for Editor in 0.00 ms.
Unloading 1136 Unused Serialized files (Serialized files now loaded: 0)
System memory in use before: 63.6 MB.
System memory in use after: 63.0 MB.

Unloading 15 unused Assets to reduce memory usage. Loaded Objects now: 1626.
Total: 2.292700 ms (FindLiveObjects: 0.136800 ms CreateObjectMapping: 0.031000 ms MarkObjects: 1.454000 ms  DeleteObjects: 0.669800 ms)

========================================================================
Received Prepare
Registering precompiled user dll's ...
Registered in 0.001238 seconds.
Begin MonoManager ReloadAssembly
Native extension for WindowsStandalone target not found
Native extension for WebGL target not found
Refreshing native plugins compatible for Editor in 0.24 ms, found 1 plugins.
Preloading 0 native plugins for Editor in 0.00 ms.
Invoked RoslynAnalysisRunner static constructor.
RoslynAnalysisRunner will not be running.
RoslynAnalysisRunner has terminated.
Mono: successfully reloaded assembly
- Completed reload, in  0.632 seconds
Platform modules already initialized, skipping
Refreshing native plugins compatible for Editor in 0.23 ms, found 1 plugins.
Preloading 0 native plugins for Editor in 0.00 ms.
Unloading 1136 Unused Serialized files (Serialized files now loaded: 0)
System memory in use before: 63.7 MB.
System memory in use after: 63.1 MB.

Unloading 15 unused Assets to reduce memory usage. Loaded Objects now: 1628.
Total: 2.203500 ms (FindLiveObjects: 0.175500 ms CreateObjectMapping: 0.028300 ms MarkObjects: 1.497000 ms  DeleteObjects: 0.501700 ms)

========================================================================
Received Prepare
Registering precompiled user dll's ...
Registered in 0.001269 seconds.
Begin MonoManager ReloadAssembly
Native extension for WindowsStandalone target not found
Native extension for WebGL target not found
Refreshing native plugins compatible for Editor in 0.25 ms, found 1 plugins.
Preloading 0 native plugins for Editor in 0.00 ms.
Invoked RoslynAnalysisRunner static constructor.
RoslynAnalysisRunner will not be running.
RoslynAnalysisRunner has terminated.
Mono: successfully reloaded assembly
- Completed reload, in  0.618 seconds
Platform modules already initialized, skipping
Refreshing native plugins compatible for Editor in 0.22 ms, found 1 plugins.
Preloading 0 native plugins for Editor in 0.00 ms.
Unloading 1136 Unused Serialized files (Serialized files now loaded: 0)
System memory in use before: 63.8 MB.
System memory in use after: 63.3 MB.

Unloading 15 unused Assets to reduce memory usage. Loaded Objects now: 1630.
Total: 2.082200 ms (FindLiveObjects: 0.125100 ms CreateObjectMapping: 0.025800 ms MarkObjects: 1.385500 ms  DeleteObjects: 0.544900 ms)

========================================================================
Received Import Request.
  Time since last request: 291.477703 seconds.
  path: Assets/Plane_001Timeline.playable
  artifactKey: Guid(168f1a1c283f47e4e929d3814fb69858) Importer(815301076,1909f56bfc062723c751e8b465ee728b)
Start importing Assets/Plane_001Timeline.playable using Guid(168f1a1c283f47e4e929d3814fb69858) Importer(815301076,1909f56bfc062723c751e8b465ee728b)  -> (artifact id: '7bd1a0306805b6ae5258713c2ffd6b0d') in 0.013228 seconds
  Import took 0.015173 seconds .

========================================================================
Received Import Request.
  Time since last request: 0.000184 seconds.
  path: Assets/testObjectAnimation (1)Timeline.playable
  artifactKey: Guid(6124d03c071012c4cacdce75e8ee6c41) Importer(815301076,1909f56bfc062723c751e8b465ee728b)
Start importing Assets/testObjectAnimation (1)Timeline.playable using Guid(6124d03c071012c4cacdce75e8ee6c41) Importer(815301076,1909f56bfc062723c751e8b465ee728b)  -> (artifact id: '30d09e259a5bd8b3981489aa9647cdd2') in 0.002742 seconds
  Import took 0.003896 seconds .

========================================================================
Received Prepare
Registering precompiled user dll's ...
Registered in 0.001199 seconds.
Begin MonoManager ReloadAssembly
Native extension for WindowsStandalone target not found
Native extension for WebGL target not found
Refreshing native plugins compatible for Editor in 0.24 ms, found 1 plugins.
Preloading 0 native plugins for Editor in 0.00 ms.
Invoked RoslynAnalysisRunner static constructor.
RoslynAnalysisRunner will not be running.
RoslynAnalysisRunner has terminated.
Mono: successfully reloaded assembly
- Completed reload, in  0.619 seconds
Platform modules already initialized, skipping
Refreshing native plugins compatible for Editor in 0.23 ms, found 1 plugins.
Preloading 0 native plugins for Editor in 0.00 ms.
Unloading 1136 Unused Serialized files (Serialized files now loaded: 0)
System memory in use before: 64.0 MB.
System memory in use after: 63.4 MB.

Unloading 15 unused Assets to reduce memory usage. Loaded Objects now: 1632.
Total: 2.299400 ms (FindLiveObjects: 0.155700 ms CreateObjectMapping: 0.029200 ms MarkObjects: 1.519600 ms  DeleteObjects: 0.593800 ms)

========================================================================
Received Import Request.
  Time since last request: 442.742088 seconds.
  path: Assets/testObjectAnimation (1)Timeline.playable
  artifactKey: Guid(6124d03c071012c4cacdce75e8ee6c41) Importer(815301076,1909f56bfc062723c751e8b465ee728b)
Start importing Assets/testObjectAnimation (1)Timeline.playable using Guid(6124d03c071012c4cacdce75e8ee6c41) Importer(815301076,1909f56bfc062723c751e8b465ee728b)  -> (artifact id: 'e229b8c58809eacfcb5b581a21ff5fce') in 0.015349 seconds
  Import took 0.017260 seconds .

AssetImportWorkerClient::OnTransportError - code=2 error=End of file
